<?xml version="1.0" encoding="UTF-8"?>
<!-- Generated by org.testng.reporters.JUnitReportReporter -->
<testsuite skipped="0" hostname="DESKTOP-ADGCHK6" name="com.ebanking.master.RoleNG" tests="3" failures="0" timestamp="2022-07-18T17:24:36 IST" time="5.740" errors="0">
  <testcase name="Rol" time="1.777" classname="com.ebanking.master.RoleNG"/>
  <system-out/>
  <testcase name="Rol" time="2.146" classname="com.ebanking.master.RoleNG"/>
  <system-out/>
  <testcase name="Rol" time="1.817" classname="com.ebanking.master.RoleNG"/>
  <system-out/>
</testsuite> <!-- com.ebanking.master.RoleNG -->
