<?xml version="1.0" encoding="UTF-8"?>
<!-- Generated by org.testng.reporters.JUnitReportReporter -->
<testsuite skipped="0" hostname="DESKTOP-ADGCHK6" name="com.ebanking.master.Exepom" tests="1" failures="0" timestamp="2022-07-20T17:36:28 IST" time="46.451" errors="0">
  <testcase name="Role" time="46.451" classname="com.ebanking.master.Exepom"/>
  <system-out/>
</testsuite> <!-- com.ebanking.master.Exepom -->
