<?xml version="1.0" encoding="UTF-8"?>
<!-- Generated by org.testng.reporters.JUnitReportReporter -->
<testsuite skipped="0" hostname="DESKTOP-ADGCHK6" name="com.ebanking.master.SGrid" tests="2" failures="0" timestamp="2022-07-26T18:13:29 IST" time="55.090" errors="0">
  <testcase name="Grid" time="32.249" classname="com.ebanking.master.SGrid"/>
  <system-out/>
  <testcase name="Grid" time="22.841" classname="com.ebanking.master.SGrid"/>
  <system-out/>
</testsuite> <!-- com.ebanking.master.SGrid -->
