<?xml version="1.0" encoding="UTF-8"?>
<!-- Generated by org.testng.reporters.JUnitReportReporter -->
<testsuite skipped="0" hostname="DESKTOP-ADGCHK6" name="com.ebanking.scripts.SampleNG" tests="2" failures="0" timestamp="2022-07-16T16:52:58 IST" time="22.846" errors="0">
  <testcase name="bcd" time="10.612" classname="com.ebanking.scripts.SampleNG"/>
  <system-out/>
  <testcase name="abc" time="12.234" classname="com.ebanking.scripts.SampleNG"/>
  <system-out/>
</testsuite> <!-- com.ebanking.scripts.SampleNG -->
